<?xml version="1.0" encoding="UTF-8"?>
<!-- Generated by org.testng.reporters.JUnitReportReporter -->
<testsuite skipped="0" hostname="TNINCHD028" name="com.demo.testcases.JobinductionTest" tests="3" failures="0" timestamp="17 Apr 2019 12:30:36 GMT" time="102.250" errors="0">
  <testcase name="verifyImportpageHeader" time="21.563" classname="com.demo.testcases.JobinductionTest"/>
  <testcase name="verifyImportpageElements" time="27.656" classname="com.demo.testcases.JobinductionTest"/>
  <testcase name="verifyDataMappingpage" time="53.031" classname="com.demo.testcases.JobinductionTest"/>
</testsuite> <!-- com.demo.testcases.JobinductionTest -->
