<?xml version="1.0" encoding="UTF-8"?>
<!-- Generated by org.testng.reporters.JUnitReportReporter -->
<testsuite skipped="0" hostname="TNINCHD009" name="com.demo.testcases.LoginPageTest" tests="3" failures="0" timestamp="25 Sep 2019 11:09:32 GMT" time="62.660" errors="0">
  <testcase name="loginpagetitletest" time="26.490" classname="com.demo.testcases.LoginPageTest"/>
  <testcase name="logoImagetest" time="15.889" classname="com.demo.testcases.LoginPageTest"/>
  <testcase name="logintest" time="20.281" classname="com.demo.testcases.LoginPageTest"/>
</testsuite> <!-- com.demo.testcases.LoginPageTest -->
