<?xml version="1.0" encoding="UTF-8"?>
<!-- Generated by org.testng.reporters.JUnitReportReporter -->
<testsuite skipped="0" hostname="TNINCHD028" name="MavenProject1.MP1.NewTestTestNG" tests="1" failures="0" timestamp="06 Mar 2019 03:57:07 GMT" time="0.028" errors="0">
  <testcase name="f" time="0.028" classname="MavenProject1.MP1.NewTestTestNG"/>
</testsuite> <!-- MavenProject1.MP1.NewTestTestNG -->
