<?xml version="1.0" encoding="UTF-8"?>
<!-- Generated by org.testng.reporters.JUnitReportReporter -->
<testsuite skipped="0" hostname="TNINCHD028" name="com.demo.testcases.DataMappingTest" tests="1" failures="0" timestamp="17 Apr 2019 12:33:38 GMT" time="39.552" errors="0">
  <testcase name="Matchfilename" time="39.552" classname="com.demo.testcases.DataMappingTest"/>
</testsuite> <!-- com.demo.testcases.DataMappingTest -->
